2024-04-24 20:20:15,614 INFO c.u.h.HealthycookingdApplication [restartedMain] Starting HealthycookingdApplication using Java 17.0.10 with PID 9712 (C:\IDEA-JAVA\HealthyCooking-main\HealthyCooking-main\healthycookingd\target\classes started by CARLOS in C:\IDEA-JAVA\HealthyCooking-main\HealthyCooking-main\healthycookingd)
2024-04-24 20:20:15,619 INFO c.u.h.HealthycookingdApplication [restartedMain] No active profile set, falling back to 1 default profile: "default"
2024-04-24 20:20:15,675 INFO o.s.b.d.e.DevToolsPropertyDefaultsPostProcessor [restartedMain] Devtools property defaults active! Set 'spring.devtools.add-properties' to 'false' to disable
2024-04-24 20:20:15,675 INFO o.s.b.d.e.DevToolsPropertyDefaultsPostProcessor [restartedMain] For additional web related logging consider setting the 'logging.level.web' property to 'DEBUG'
2024-04-24 20:20:16,571 INFO o.s.d.r.c.RepositoryConfigurationDelegate [restartedMain] Bootstrapping Spring Data JPA repositories in DEFAULT mode.
2024-04-24 20:20:16,647 INFO o.s.d.r.c.RepositoryConfigurationDelegate [restartedMain] Finished Spring Data repository scanning in 70 ms. Found 3 JPA repository interfaces.
2024-04-24 20:20:16,979 INFO o.s.c.s.PostProcessorRegistrationDelegate$BeanPostProcessorChecker [restartedMain] Bean 'org.springframework.ws.config.annotation.DelegatingWsConfiguration' of type [org.springframework.ws.config.annotation.DelegatingWsConfiguration$$SpringCGLIB$$0] is not eligible for getting processed by all BeanPostProcessors (for example: not eligible for auto-proxying)
2024-04-24 20:20:17,041 INFO o.s.w.s.a.s.AnnotationActionEndpointMapping [restartedMain] Supporting [WS-Addressing August 2004, WS-Addressing 1.0]
2024-04-24 20:20:17,437 INFO o.s.b.w.e.t.TomcatWebServer [restartedMain] Tomcat initialized with port(s): 8080 (http)
2024-04-24 20:20:17,452 INFO o.a.c.h.Http11NioProtocol [restartedMain] Initializing ProtocolHandler ["http-nio-8080"]
2024-04-24 20:20:17,456 INFO o.a.c.c.StandardService [restartedMain] Starting service [Tomcat]
2024-04-24 20:20:17,457 INFO o.a.c.c.StandardEngine [restartedMain] Starting Servlet engine: [Apache Tomcat/10.1.20]
2024-04-24 20:20:17,543 INFO o.a.c.c.C.[.[.[/] [restartedMain] Initializing Spring embedded WebApplicationContext
2024-04-24 20:20:17,543 INFO o.s.b.w.s.c.ServletWebServerApplicationContext [restartedMain] Root WebApplicationContext: initialization completed in 1866 ms
2024-04-24 20:20:17,723 INFO o.h.j.i.u.LogHelper [restartedMain] HHH000204: Processing PersistenceUnitInfo [name: default]
2024-04-24 20:20:17,814 INFO o.h.Version [restartedMain] HHH000412: Hibernate ORM core version 6.2.24.Final
2024-04-24 20:20:17,816 INFO o.h.c.Environment [restartedMain] HHH000406: Using bytecode reflection optimizer
2024-04-24 20:20:18,144 INFO o.s.o.j.p.SpringPersistenceUnitInfo [restartedMain] No LoadTimeWeaver setup: ignoring JPA class transformer
2024-04-24 20:20:18,177 INFO c.z.h.HikariDataSource [restartedMain] HikariPool-1 - Starting...
2024-04-24 20:20:18,392 INFO c.z.h.p.HikariPool [restartedMain] HikariPool-1 - Added connection org.postgresql.jdbc.PgConnection@18b4d9e
2024-04-24 20:20:18,393 INFO c.z.h.HikariDataSource [restartedMain] HikariPool-1 - Start completed.
2024-04-24 20:20:18,448 WARN o.h.o.deprecation [restartedMain] HHH90000025: PostgreSQLDialect does not need to be specified explicitly using 'hibernate.dialect' (remove the property setting and it will be selected by default)
2024-04-24 20:20:19,744 INFO o.h.e.t.j.p.i.JtaPlatformInitiator [restartedMain] HHH000489: No JTA platform available (set 'hibernate.transaction.jta.platform' to enable JTA platform integration)
2024-04-24 20:20:19,889 INFO o.s.o.j.LocalContainerEntityManagerFactoryBean [restartedMain] Initialized JPA EntityManagerFactory for persistence unit 'default'
2024-04-24 20:20:20,405 WARN o.s.b.a.o.j.JpaBaseConfiguration$JpaWebConfiguration [restartedMain] spring.jpa.open-in-view is enabled by default. Therefore, database queries may be performed during view rendering. Explicitly configure spring.jpa.open-in-view to disable this warning
2024-04-24 20:20:20,863 INFO o.s.b.d.a.OptionalLiveReloadServer [restartedMain] LiveReload server is running on port 35729
2024-04-24 20:20:20,884 INFO o.a.c.h.Http11NioProtocol [restartedMain] Starting ProtocolHandler ["http-nio-8080"]
2024-04-24 20:20:20,905 INFO o.s.b.w.e.t.TomcatWebServer [restartedMain] Tomcat started on port(s): 8080 (http) with context path ''
2024-04-24 20:20:20,915 INFO c.u.h.HealthycookingdApplication [restartedMain] Started HealthycookingdApplication in 5.951 seconds (process running for 6.779)
2024-04-24 20:21:17,208 INFO o.a.c.c.C.[.[.[/] [http-nio-8080-exec-2] Initializing Spring DispatcherServlet 'dispatcherServlet'
2024-04-24 20:21:17,209 INFO o.s.w.s.DispatcherServlet [http-nio-8080-exec-2] Initializing Servlet 'dispatcherServlet'
2024-04-24 20:21:17,213 INFO o.s.w.s.DispatcherServlet [http-nio-8080-exec-2] Completed initialization in 3 ms
2024-04-24 20:29:19,131 INFO o.s.o.j.LocalContainerEntityManagerFactoryBean [SpringApplicationShutdownHook] Closing JPA EntityManagerFactory for persistence unit 'default'
2024-04-24 20:29:19,149 INFO c.z.h.HikariDataSource [SpringApplicationShutdownHook] HikariPool-1 - Shutdown initiated...
2024-04-24 20:29:19,157 INFO c.z.h.HikariDataSource [SpringApplicationShutdownHook] HikariPool-1 - Shutdown completed.
